1648800000;Paper;Quantum Simulations of Dark Sector Showers;So Chigusa, Masahito Yamazaki;2204.12500
1646121600;Paper;Upper bound on the smuon mass from vacuum stability in the light of muon $g-2$ anomaly;So Chigusa, Takeo Moroi, Yutaro Shoji;2203.08062
1643702400;Paper;Deeply Learned Preselection of Higgs Dijet Decays at Future Lepton Colliders;So Chigusa, Shu Li, Yuichiro Nakai, Wenxing Zhang, Yufei Zhang, Jiaming Zheng;2202.02534
1612166400;Paper;Studying squark mass spectrum through gluino decay at 100 TeV future hadron colliders;So Chigusa, Koichi Hamaguchi, Takeo Moroi, Atsuya Niki, Kosaku Ono;2102.07910
1612166400;Paper;Axion/hidden-photon dark matter conversion into condensed matter axion;So Chigusa, Takeo Moroi, Kazunori Nakayama;2102.06179
1604217600;Paper;Implications of gravitational waves for supersymmetric grand unification;So Chigusa, Yuichiro Nakai, Jiaming Zheng;2011.04090
1593590400;Paper;Precise Calculation of the Decay Rate of False Vacuum with Multi-Field Bounce;So Chigusa, Takeo Moroi, Yutaro Shoji;2007.14124
1593590400;Paper;Constraints on electron-scattering interpretation of XENON1T excess;So Chigusa, Motoi Endo, Kazunori Kohri;2007.01663
1577865600;Paper;Detecting light boson dark matter through conversion into a magnon;So Chigusa, Takeo Moroi, Kazunori Nakayama;2001.10666
1575187200;Paper;Determining Wino Lifetime in Supersymmetric Model at Future 100 TeV pp Colliders;So Chigusa, Yusuke Hosomi, Takeo Moroi, Masahiko Saito;1912.00592
1572595200;Paper;Signals of Axion Like Dark Matter in Time Dependent Polarization of Light;So Chigusa, Takeo Moroi, Kazunori Nakayama;1911.09850
1559376000;Paper;Bounce Configuration from Gradient Flow;So Chigusa, Takeo Moroi, Yutaro Shoji;1906.10829
1556697600;Paper;Novel Flavon Stabilization with Trimaximal Neutrino Mixing;So Chigusa, Shinta Kasuya, Kazunori Nakayama;1905.11517
1554105600;Paper;Indirect studies of electroweakly interacting particles at 100 TeV hadron colliders;Tomohiro Abe, So Chigusa, Yohei Ema, Takeo Moroi;1904.11162
1546329600;Paper;Studying gaugino masses in supersymmetric model at future 100 TeV $pp$ collider;Shoji Asai, So Chigusa, Toshiaki Kaji, Takeo Moroi, Masahiko Saito, Ryu Sawada, Junichi Tanaka, Koji Terashi, Kenta Uno;1901.10389
1538380800;Paper;Probing electroweakly interacting massive particles with Drell\textendash{Yan process at 100 TeV hadron colliders};So Chigusa, Yohei Ema, Takeo Moroi;1810.07349
1538380800;Paper;Flavon Stabilization in Models with Discrete Flavor Symmetry;So Chigusa, Shinta Kasuya, Kazunori Nakayama;1810.05791
1533110400;Paper;Anomalous Discrete Flavor Symmetry and Domain Wall Problem;So Chigusa, Kazunori Nakayama;1808.09601
1519891200;Paper;Decay Rate of Electroweak Vacuum in the Standard Model and Beyond;So Chigusa, Takeo Moroi, Yutaro Shoji;1803.03902
1498896000;Paper;State-of-the-Art Calculation of the Decay Rate of Electroweak Vacuum in the Standard Model;So Chigusa, Takeo Moroi, Yutaro Shoji;1707.09301
1485936000;Paper;Bottom-Tau Unification in Supersymmetric SU(5) Models with Extra Matters;So Chigusa, Takeo Moroi;1702.00790
1459497600;Paper;Bottom-tau unification in a supersymmetric model with anomaly-mediation;So Chigusa, Takeo Moroi;1604.02156
