1618022012:taxreturn:Tax Return 手続き（J1ビザ）
1612428068:scraping:Pythonでスクレイピング
1612426713:spreadsheet:Pythonを使ってGoogleスプレッドシートにアクセス
1607738624:macbookair2020:Macbook Air (2020) M1&#x30C1;&#x30C3;&#x30D7;
1599626924:postdoc:1&#x671F;&#x76EE;&#x30DD;&#x30B9;&#x30C9;&#x30AF;&#x8077;&#x63A2;&#x3057;&#x306E;&#x65E5;&#x8A18;
1588124925:MW50:MW50&#x4E0D;&#x5177;&#x5408;&#x307E;&#x3068;&#x3081;
1588119969:inkscape:Inkscape w/ LaTeX
1587435270:git:&#x3072;&#x3068;&#x308A;&#x3067;&#x3082;git&#x3001;&#x307F;&#x3093;&#x306A;&#x3067;&#x3082;git
1571641056:madgraph:Madgraph&#x306E;&#x5C0E;&#x5165;&#x304B;&#x3089;&#x8A08;&#x7B97;&#x307E;&#x3067;
1569656607:atom:Atom&#x306E;&#x5C0E;&#x5165;&#x3068;&#x30AB;&#x30B9;&#x30BF;&#x30DE;&#x30A4;&#x30BA;
1567407090:fastjet:fastjetを使って解析
1564111208:delphes:Delphesの応用
1563015254:boost_icc:インテルコンパイラーでboost
1562830637:boost_odeint:Boostを使って微分方程式を解く
1562419469:matplotlib:Matplotlibを使いこなす
1561384123:latex:latexで美文書
1555477455:latex_japanese:latexで日本語美文書
1554455816:beamer:自分風Beamerプレゼン用チートシート
1549813666:Mojave:Mac OS Mojaveアップデートとアフターケア
1548129226:latexdiff:快適なlatexdiff生活
1540271595:pythia8:pythia8を使いこなす
1539763788:FeynArts:FeynArts,FormCalc,LoopToolsの導入
1536685375:susy-hit:SLHAを用いたSUSY-HITからMadGraphへの連携
1536684281:softsusy:SOFTSUSYの導入
1530540521:markdown-mode:Emacsでmarkdown-modeを使用した編集、プレビュー環境を整える
1530540508:chrome-JavaScript:Google Chromeを用いてJavaScriptのチェックがlocalで出来る環境を整える
